<?xml version="1.0" encoding="utf-8"?>
<shfbBuild product="Sandcastle Help File Builder and Tools" version="2024.2.18.0" projectFile="C:\Users\cbanw\GitHub\Spectrum Health Systems\Outpost31\.github\Sandcastle\Outpost31.shfbproj" started="7/3/2024 12:07:16 PM">
<buildStep step="Initializing">
The Sandcastle tools are located in &#39;C:\Program Files (x86)\EWSoftware\Sandcastle Help File Builder&#39;
Locating components in the following folder(s):
    C:\Users\cbanw\GitHub\Spectrum Health Systems\Outpost31\.github\Sandcastle
    C:\ProgramData\EWSoftware\Sandcastle Help File Builder\Components and Plug-Ins
    C:\Program Files (x86)\EWSoftware\Sandcastle Help File Builder\Components
Using framework reflection data for &#39;.NET Framework 4.8&#39; located in &#39;C:\Program Files (x86)\EWSoftware\Sandcastle Help File Builder\Data\.NETFramework&#39;
Using presentation style &#39;Default2022&#39; located in &#39;C:\Program Files (x86)\EWSoftware\Sandcastle Help File Builder\Components\Default2022&#39;
Loading and initializing plug-ins...
Website Table of Contents Generator Version 2024.2.18.0
Copyright &#169; 2006-2024, Eric Woodruff, All Rights Reserved
-------------------------------
Clearing any prior web/markdown output...
</buildStep>
<buildStep step="ValidatingDocumentationSources">
Validating and copying documentation source information
Source: C:\Users\cbanw\GitHub\Spectrum Health Systems\Outpost31\src\Outpost31.csproj
    Found project &#39;C:\Users\cbanw\GitHub\Spectrum Health Systems\Outpost31\src\Outpost31.csproj&#39;

Parsing project files
    Found assembly &#39;C:\Users\cbanw\GitHub\Spectrum Health Systems\Outpost31\src\bin\Debug\Outpost31.dll&#39; (.NETFramework 4.8)

References to include:
    Microsoft.Bcl.AsyncInterfaces, Version=8.0.0.0, Culture=neutral, PublicKeyToken=cc7b13ffcd2ddd51, processorArchitecture=MSIL
    System.Buffers, Version=4.0.3.0, Culture=neutral, PublicKeyToken=cc7b13ffcd2ddd51, processorArchitecture=MSIL
    System.Memory, Version=4.0.1.2, Culture=neutral, PublicKeyToken=cc7b13ffcd2ddd51, processorArchitecture=MSIL
    System.Numerics.Vectors, Version=4.1.4.0, Culture=neutral, PublicKeyToken=b03f5f7f11d50a3a, processorArchitecture=MSIL
    System.Runtime.CompilerServices.Unsafe, Version=6.0.0.0, Culture=neutral, PublicKeyToken=b03f5f7f11d50a3a, processorArchitecture=MSIL
    System.Text.Encodings.Web, Version=8.0.0.0, Culture=neutral, PublicKeyToken=cc7b13ffcd2ddd51, processorArchitecture=MSIL
    System.Text.Json, Version=8.0.0.3, Culture=neutral, PublicKeyToken=cc7b13ffcd2ddd51, processorArchitecture=MSIL
    System.Threading.Tasks.Extensions, Version=4.2.0.1, Culture=neutral, PublicKeyToken=cc7b13ffcd2ddd51, processorArchitecture=MSIL
    System.ValueTuple, Version=4.0.3.0, Culture=neutral, PublicKeyToken=cc7b13ffcd2ddd51, processorArchitecture=MSIL

Copying XML comments files
    C:\Users\cbanw\GitHub\Spectrum Health Systems\Outpost31\src\bin\Debug\Outpost31.xml -&gt; \working\Outpost31.xml
</buildStep>
<buildStep step="GenerateSharedContent">
Generating shared content files (en-US, English (United States))...
    Last step completed in 00:00:00.0010
</buildStep>
<buildStep step="GenerateApiFilter">
Generating API filter for MRefBuilder...
    Last step completed in 00:00:00.0060
</buildStep>
<buildStep step="GenerateReflectionInfo">
Generating reflection information...
[C:\Program Files\Microsoft Visual Studio\2022\Community\MSBuild\Current\Bin\amd64\MSBuild.exe - GenerateRefInfo-dc34d792-611d-420d-a9d5-193284963028.proj]
Build started 7/3/2024 12:07:17 PM.

Project &quot;C:\working\GenerateRefInfo-dc34d792-611d-420d-a9d5-193284963028.proj&quot; on node 1 (default targets).
PrepareForBuild:
  Creating directory &quot;obj\Debug\&quot;.
GenerateRefInfo:
  Microsoft.Build (v17.10.4+10fbfbf2eeb0597fdc1f600d87d38c7f57317bdc)
  c Microsoft Corporation. All rights reserved.
  No source code context base path specified.  Source context information is unavailable.
  Loaded 1 assemblies for reflection and 10 dependency assemblies.
  Wrote information on 15 namespaces, 28 types, and 168 members
  Merging duplicate type and member information
  Merged 0 duplicate type(s) and 0 duplicate member(s)
Done Building Project &quot;C:\working\GenerateRefInfo-dc34d792-611d-420d-a9d5-193284963028.proj&quot; (default targets).
    Last step completed in 00:00:00.5936
</buildStep>
<buildStep step="ApplyDocumentModel">
Applying document model to reflection output...
    Last step completed in 00:00:00.0240
</buildStep>
<buildStep step="AddApiTopicFilenames">
Adding topic filenames to API members...
    Unique name M_Outpost31_Core_Logger_TraceLog_Create_1 generated for M:Outpost31.Core.Logger.TraceLog.Create(System.Int32,System.String,Outpost31.Core.Logger.TraceLog,System.String,System.String,System.Int32,System.String)
    Last step completed in 00:00:00.0300
</buildStep>
<buildStep step="GenerateApiTopicManifest">
Generating API topic manifest...
    Last step completed in 00:00:00.0305
</buildStep>
<buildStep step="GenerateNamespaceSummaries">
Generating namespace summary information...
    Last step completed in 00:00:00.0230
</buildStep>
<buildStep step="CopyAdditionalContent">
Copying additional content files...
No additional content to copy
    Last step completed in 00:00:00.0000
</buildStep>
<buildStep step="MergeTablesOfContents">
Merging conceptual and additional tables of contents...
    Last step completed in 00:00:00.0000
</buildStep>
<buildStep step="GenerateIntermediateTableOfContents">
Generating intermediate table of contents file for API content...
Generating conceptual content intermediate TOC file...
    Last step completed in 00:00:00.0175
</buildStep>
<buildStep step="CreateBuildAssemblerConfigs">
Creating Sandcastle configuration files...
    Last step completed in 00:00:00.1120
</buildStep>
<buildStep step="CombiningIntermediateTocFiles">
Combining conceptual and API intermediate TOC files...
    Last step completed in 00:00:00.0005
</buildStep>
<buildStep step="MergeCustomConfigs">
Merging custom build component configurations
\working\BuildAssembler.config
  Updating reference topic configurations.
  No conceptual content.  Removing conceptual content components.
    Last step completed in 00:00:00.0115
</buildStep>
<buildStep step="BuildTopics">
Building help topics...
<plugIn name="Website Table of Contents Generator" behavior="Before" priority="1000">
Loading TOC info and adding unique IDs to parent nodes
</plugIn>Loading configuration...
Processing topics...
SHFB: Warning BE0066: ShowMissingComponent: [M:Outpost31.Core.ParseScriptParameter.ParseAdminModule(Outpost31.Core.Session.TingenSession)] Missing &lt;summary&gt; documentation
SHFB: Warning BE0066: ShowMissingComponent: [M:Outpost31.Core.ParseScriptParameter.ParseAdminModule(Outpost31.Core.Session.TingenSession)] Missing &lt;param name=&quot;tnSession&quot;/&gt; documentation
SHFB: Warning BE0066: ShowMissingComponent: [M:Outpost31.Core.ParseScriptParameter.ParseOpenIncidentModule(Outpost31.Core.Session.TingenSession)] Missing &lt;summary&gt; documentation
SHFB: Warning BE0066: ShowMissingComponent: [M:Outpost31.Core.ParseScriptParameter.ParseOpenIncidentModule(Outpost31.Core.Session.TingenSession)] Missing &lt;param name=&quot;tnSession&quot;/&gt; documentation
SHFB: Warning BE0066: ShowMissingComponent: [M:Outpost31.Core.ParseScriptParameter.ParseTestingModule(Outpost31.Core.Session.TingenSession)] Missing &lt;summary&gt; documentation
SHFB: Warning BE0066: ShowMissingComponent: [M:Outpost31.Core.ParseScriptParameter.ParseTestingModule(Outpost31.Core.Session.TingenSession)] Missing &lt;param name=&quot;tnSession&quot;/&gt; documentation
SHFB: Warning BE0066: ShowMissingComponent: [T:Outpost31.Core.TingenApp] Missing &lt;summary&gt; documentation
SHFB: Warning BE0066: ShowMissingComponent: [M:Outpost31.Core.TingenApp.Stop(Outpost31.Core.Session.TingenSession)] Missing &lt;param name=&quot;tnSession&quot;/&gt; documentation
SHFB: Warning BE0066: ResolveReferenceLinksComponent: [M:Outpost31.Core.Avatar.AvatarData.BuildObject(ScriptLinkStandard.Objects.OptionObject2015,System.String)] Unknown reference link target &#39;T:ScriptLinkStandard.Objects.OptionObject2015&#39;.
SHFB: Warning BE0066: ResolveReferenceLinksComponent: [P:Outpost31.Core.Avatar.AvatarData.ReturnOptionObject] Unknown reference link target &#39;T:ScriptLinkStandard.Objects.OptionObject2015&#39;.
SHFB: Warning BE0066: ResolveReferenceLinksComponent: [P:Outpost31.Core.Avatar.AvatarData.SentOptionObject] Unknown reference link target &#39;T:ScriptLinkStandard.Objects.OptionObject2015&#39;.
SHFB: Warning BE0066: ResolveReferenceLinksComponent: [P:Outpost31.Core.Avatar.AvatarData.WorkOptionObject] Unknown reference link target &#39;T:ScriptLinkStandard.Objects.OptionObject2015&#39;.
SHFB: Warning BE0066: ShowMissingComponent: [M:Outpost31.Core.Configuration.ConfigSettings.Load(System.String,System.String)] Missing &lt;param name=&quot;configFileName&quot;/&gt; documentation
SHFB: Warning BE0066: ShowMissingComponent: [M:Outpost31.Core.Framework.Maintenance.VerifyDirectories(System.Collections.Generic.List{System.String})] Missing &lt;summary&gt; documentation
SHFB: Warning BE0066: ShowMissingComponent: [M:Outpost31.Core.Framework.Maintenance.VerifyDirectories(System.Collections.Generic.List{System.String})] Missing &lt;param name=&quot;directoryPaths&quot;/&gt; documentation
SHFB: Warning BE0066: ShowMissingComponent: [M:Outpost31.Core.Framework.Maintenance.VerifyDirectory(System.String)] Missing &lt;summary&gt; documentation
SHFB: Warning BE0066: ShowMissingComponent: [M:Outpost31.Core.Framework.Maintenance.VerifyDirectory(System.String)] Missing &lt;param name=&quot;directoryPath&quot;/&gt; documentation
SHFB: Warning BE0066: ShowMissingComponent: [M:Outpost31.Core.Framework.Refresh.RefreshOnUnknown(Outpost31.Core.Session.TingenSession)] Missing &lt;param name=&quot;tnSession&quot;/&gt; documentation
SHFB: Warning BE0066: ShowMissingComponent: [P:Outpost31.Core.Framework.Catalog.PublicPaths.Exports] Missing &lt;summary&gt; documentation
SHFB: Warning BE0066: ShowMissingComponent: [M:Outpost31.Core.Logger.LogEvent.Primeval(System.String,System.String,System.String,System.String,System.Int32)] Missing &lt;param name=&quot;assemblyName&quot;/&gt; documentation
SHFB: Warning BE0066: ShowMissingComponent: [M:Outpost31.Core.Logger.LogEvent.Primeval(System.String,System.String,System.String,System.String,System.Int32)] Missing &lt;param name=&quot;message&quot;/&gt; documentation
SHFB: Warning BE0066: ShowMissingComponent: [M:Outpost31.Core.Logger.LogEvent.Primeval(System.String,System.String,System.String,System.String,System.Int32)] Missing &lt;param name=&quot;fromPath&quot;/&gt; documentation
SHFB: Warning BE0066: ShowMissingComponent: [M:Outpost31.Core.Logger.LogEvent.Primeval(System.String,System.String,System.String,System.String,System.Int32)] Missing &lt;param name=&quot;fromMethod&quot;/&gt; documentation
SHFB: Warning BE0066: ShowMissingComponent: [M:Outpost31.Core.Logger.LogEvent.Primeval(System.String,System.String,System.String,System.String,System.Int32)] Missing &lt;param name=&quot;line&quot;/&gt; documentation
SHFB: Warning BE0066: ShowMissingComponent: [M:Outpost31.Core.Logger.LogEvent.Trace(System.Int32,System.String,Outpost31.Core.Logger.TraceLog,System.String,System.String,System.String,System.Int32)] Missing &lt;param name=&quot;logLevel&quot;/&gt; documentation
SHFB: Warning BE0066: ShowMissingComponent: [M:Outpost31.Core.Logger.LogEvent.Trace(System.Int32,System.String,Outpost31.Core.Logger.TraceLog,System.String,System.String,System.String,System.Int32)] Missing &lt;param name=&quot;assemblyName&quot;/&gt; documentation
SHFB: Warning BE0066: ShowMissingComponent: [M:Outpost31.Core.Logger.LogEvent.Trace(System.Int32,System.String,Outpost31.Core.Logger.TraceLog,System.String,System.String,System.String,System.Int32)] Missing &lt;param name=&quot;traceInfo&quot;/&gt; documentation
SHFB: Warning BE0066: ShowMissingComponent: [M:Outpost31.Core.Logger.LogEvent.Trace(System.Int32,System.String,Outpost31.Core.Logger.TraceLog,System.String,System.String,System.String,System.Int32)] Missing &lt;param name=&quot;message&quot;/&gt; documentation
SHFB: Warning BE0066: ShowMissingComponent: [M:Outpost31.Core.Logger.LogEvent.Trace(System.Int32,System.String,Outpost31.Core.Logger.TraceLog,System.String,System.String,System.String,System.Int32)] Missing &lt;param name=&quot;fromPath&quot;/&gt; documentation
SHFB: Warning BE0066: ShowMissingComponent: [M:Outpost31.Core.Logger.LogEvent.Trace(System.Int32,System.String,Outpost31.Core.Logger.TraceLog,System.String,System.String,System.String,System.Int32)] Missing &lt;param name=&quot;fromMethod&quot;/&gt; documentation
SHFB: Warning BE0066: ShowMissingComponent: [M:Outpost31.Core.Logger.LogEvent.Trace(System.Int32,System.String,Outpost31.Core.Logger.TraceLog,System.String,System.String,System.String,System.Int32)] Missing &lt;param name=&quot;line&quot;/&gt; documentation
SHFB: Warning BE0066: ShowMissingComponent: [M:Outpost31.Core.Logger.LoggerCatalog.StandardContent(System.String,System.String,System.String,System.String,System.String)] Missing &lt;returns&gt; documentation
SHFB: Warning BE0066: ShowMissingComponent: [M:Outpost31.Core.Logger.LoggerCatalog.StandardContent(System.String,System.String,System.String,System.String,System.String)] Missing &lt;param name=&quot;assemblyName&quot;/&gt; documentation
SHFB: Warning BE0066: ShowMissingComponent: [M:Outpost31.Core.Logger.LoggerCatalog.StandardContent(System.String,System.String,System.String,System.String,System.String)] Missing &lt;param name=&quot;calledClass&quot;/&gt; documentation
SHFB: Warning BE0066: ShowMissingComponent: [M:Outpost31.Core.Logger.LoggerCatalog.StandardContent(System.String,System.String,System.String,System.String,System.String)] Missing &lt;param name=&quot;calledMethod&quot;/&gt; documentation
SHFB: Warning BE0066: ShowMissingComponent: [M:Outpost31.Core.Logger.LoggerCatalog.StandardContent(System.String,System.String,System.String,System.String,System.String)] Missing &lt;param name=&quot;line&quot;/&gt; documentation
SHFB: Warning BE0066: ShowMissingComponent: [M:Outpost31.Core.Logger.LoggerCatalog.StandardContent(System.String,System.String,System.String,System.String,System.String)] Missing &lt;param name=&quot;message&quot;/&gt; documentation
SHFB: Warning BE0066: ShowMissingComponent: [M:Outpost31.Core.Logger.PrimevalLog.Create(System.String,System.String,System.String,System.String,System.Int32)] Missing &lt;param name=&quot;assemblyName&quot;/&gt; documentation
SHFB: Warning BE0066: ShowMissingComponent: [M:Outpost31.Core.Logger.PrimevalLog.Create(System.String,System.String,System.String,System.String,System.Int32)] Missing &lt;param name=&quot;message&quot;/&gt; documentation
SHFB: Warning BE0066: ShowMissingComponent: [M:Outpost31.Core.Logger.PrimevalLog.Create(System.String,System.String,System.String,System.String,System.Int32)] Missing &lt;param name=&quot;fromClass&quot;/&gt; documentation
SHFB: Warning BE0066: ShowMissingComponent: [M:Outpost31.Core.Logger.PrimevalLog.Create(System.String,System.String,System.String,System.String,System.Int32)] Missing &lt;param name=&quot;fromMethod&quot;/&gt; documentation
SHFB: Warning BE0066: ShowMissingComponent: [M:Outpost31.Core.Logger.PrimevalLog.Create(System.String,System.String,System.String,System.String,System.Int32)] Missing &lt;param name=&quot;line&quot;/&gt; documentation
SHFB: Warning BE0066: ShowMissingComponent: [M:Outpost31.Core.Logger.TraceLog.BuildInfo(System.String,System.Int32,System.Int32)] Missing &lt;returns&gt; documentation
SHFB: Warning BE0066: ShowMissingComponent: [M:Outpost31.Core.Logger.TraceLog.BuildInfo(System.String,System.Int32,System.Int32)] Missing &lt;param name=&quot;traceLogPath&quot;/&gt; documentation
SHFB: Warning BE0066: ShowMissingComponent: [M:Outpost31.Core.Logger.TraceLog.BuildInfo(System.String,System.Int32,System.Int32)] Missing &lt;param name=&quot;traceLogLevel&quot;/&gt; documentation
SHFB: Warning BE0066: ShowMissingComponent: [M:Outpost31.Core.Logger.TraceLog.BuildInfo(System.String,System.Int32,System.Int32)] Missing &lt;param name=&quot;traceLogDelay&quot;/&gt; documentation
SHFB: Warning BE0066: ShowMissingComponent: [M:Outpost31.Core.Logger.TraceLog.Create(System.Int32,System.String,Outpost31.Core.Logger.TraceLog,System.String,System.String,System.Int32)] Missing &lt;param name=&quot;logLevel&quot;/&gt; documentation
SHFB: Warning BE0066: ShowMissingComponent: [M:Outpost31.Core.Logger.TraceLog.Create(System.Int32,System.String,Outpost31.Core.Logger.TraceLog,System.String,System.String,System.Int32)] Missing &lt;param name=&quot;assemblyName&quot;/&gt; documentation
SHFB: Warning BE0066: ShowMissingComponent: [M:Outpost31.Core.Logger.TraceLog.Create(System.Int32,System.String,Outpost31.Core.Logger.TraceLog,System.String,System.String,System.Int32)] Missing &lt;param name=&quot;traceInfo&quot;/&gt; documentation
SHFB: Warning BE0066: ShowMissingComponent: [M:Outpost31.Core.Logger.TraceLog.Create(System.Int32,System.String,Outpost31.Core.Logger.TraceLog,System.String,System.String,System.Int32)] Missing &lt;param name=&quot;fromClass&quot;/&gt; documentation
SHFB: Warning BE0066: ShowMissingComponent: [M:Outpost31.Core.Logger.TraceLog.Create(System.Int32,System.String,Outpost31.Core.Logger.TraceLog,System.String,System.String,System.Int32)] Missing &lt;param name=&quot;fromMethod&quot;/&gt; documentation
SHFB: Warning BE0066: ShowMissingComponent: [M:Outpost31.Core.Logger.TraceLog.Create(System.Int32,System.String,Outpost31.Core.Logger.TraceLog,System.String,System.String,System.Int32)] Missing &lt;param name=&quot;line&quot;/&gt; documentation
SHFB: Warning BE0066: ShowMissingComponent: [M:Outpost31.Core.Logger.TraceLog.Create(System.Int32,System.String,Outpost31.Core.Logger.TraceLog,System.String,System.String,System.Int32,System.String)] Missing &lt;param name=&quot;logLevel&quot;/&gt; documentation
SHFB: Warning BE0066: ShowMissingComponent: [M:Outpost31.Core.Logger.TraceLog.Create(System.Int32,System.String,Outpost31.Core.Logger.TraceLog,System.String,System.String,System.Int32,System.String)] Missing &lt;param name=&quot;assemblyName&quot;/&gt; documentation
SHFB: Warning BE0066: ShowMissingComponent: [M:Outpost31.Core.Logger.TraceLog.Create(System.Int32,System.String,Outpost31.Core.Logger.TraceLog,System.String,System.String,System.Int32,System.String)] Missing &lt;param name=&quot;traceInfo&quot;/&gt; documentation
SHFB: Warning BE0066: ShowMissingComponent: [M:Outpost31.Core.Logger.TraceLog.Create(System.Int32,System.String,Outpost31.Core.Logger.TraceLog,System.String,System.String,System.Int32,System.String)] Missing &lt;param name=&quot;fromClass&quot;/&gt; documentation
SHFB: Warning BE0066: ShowMissingComponent: [M:Outpost31.Core.Logger.TraceLog.Create(System.Int32,System.String,Outpost31.Core.Logger.TraceLog,System.String,System.String,System.Int32,System.String)] Missing &lt;param name=&quot;fromMethod&quot;/&gt; documentation
SHFB: Warning BE0066: ShowMissingComponent: [M:Outpost31.Core.Logger.TraceLog.Create(System.Int32,System.String,Outpost31.Core.Logger.TraceLog,System.String,System.String,System.Int32,System.String)] Missing &lt;param name=&quot;line&quot;/&gt; documentation
SHFB: Warning BE0066: ShowMissingComponent: [M:Outpost31.Core.Logger.TraceLog.Create(System.Int32,System.String,Outpost31.Core.Logger.TraceLog,System.String,System.String,System.Int32,System.String)] Missing &lt;param name=&quot;message&quot;/&gt; documentation
SHFB: Warning BE0066: ShowMissingComponent: [P:Outpost31.Core.Logger.TraceLog.TraceLogDelay] Missing &lt;summary&gt; documentation
SHFB: Warning BE0066: ShowMissingComponent: [P:Outpost31.Core.Logger.TraceLog.TraceLogLevel] Missing &lt;summary&gt; documentation
SHFB: Warning BE0066: ShowMissingComponent: [P:Outpost31.Core.Logger.TraceLog.TraceLogPath] Missing &lt;summary&gt; documentation
SHFB: Warning BE0066: ShowMissingComponent: [T:Outpost31.Core.NtstWebService.NtstWebServiceSecurity] Missing &lt;summary&gt; documentation
SHFB: Warning BE0066: ShowMissingComponent: [M:Outpost31.Core.NtstWebService.NtstWebServiceSecurity.BuildDefaultSecurityObject] Missing &lt;summary&gt; documentation
SHFB: Warning BE0066: ShowMissingComponent: [M:Outpost31.Core.NtstWebService.NtstWebServiceSecurity.BuildDefaultSecurityObject] Missing &lt;returns&gt; documentation
SHFB: Warning BE0066: ShowMissingComponent: [M:Outpost31.Core.NtstWebService.NtstWebServiceSecurity.Load(System.String,System.String)] Missing &lt;summary&gt; documentation
SHFB: Warning BE0066: ShowMissingComponent: [M:Outpost31.Core.NtstWebService.NtstWebServiceSecurity.Load(System.String,System.String)] Missing &lt;returns&gt; documentation
SHFB: Warning BE0066: ShowMissingComponent: [M:Outpost31.Core.NtstWebService.NtstWebServiceSecurity.Load(System.String,System.String)] Missing &lt;param name=&quot;ntstWebServiceSecurityPath&quot;/&gt; documentation
SHFB: Warning BE0066: ShowMissingComponent: [M:Outpost31.Core.NtstWebService.NtstWebServiceSecurity.Load(System.String,System.String)] Missing &lt;param name=&quot;ntstWebServiceSecurityFileName&quot;/&gt; documentation
SHFB: Warning BE0066: ShowMissingComponent: [P:Outpost31.Core.NtstWebService.NtstWebServiceSecurity.WebServicePassword] Missing &lt;summary&gt; documentation
SHFB: Warning BE0066: ShowMissingComponent: [P:Outpost31.Core.NtstWebService.NtstWebServiceSecurity.WebServiceUser] Missing &lt;summary&gt; documentation
SHFB: Warning BE0066: ShowMissingComponent: [M:Outpost31.Core.Session.Catalog.CurrentSettings(Outpost31.Core.Session.TingenSession)] Missing &lt;returns&gt; documentation
SHFB: Warning BE0066: ShowMissingComponent: [M:Outpost31.Core.Session.Catalog.CurrentSettings(Outpost31.Core.Session.TingenSession)] Missing &lt;param name=&quot;tnSession&quot;/&gt; documentation
SHFB: Warning BE0066: ShowMissingComponent: [M:Outpost31.Core.Session.Catalog.SessionDetails(Outpost31.Core.Session.TingenSession)] Missing &lt;returns&gt; documentation
SHFB: Warning BE0066: ShowMissingComponent: [M:Outpost31.Core.Session.Catalog.SessionDetails(Outpost31.Core.Session.TingenSession)] Missing &lt;param name=&quot;tnSession&quot;/&gt; documentation
SHFB: Warning BE0066: ShowMissingComponent: [M:Outpost31.Core.Session.TingenSession.Build(ScriptLinkStandard.Objects.OptionObject2015,System.String,System.String)] Missing &lt;param name=&quot;tnVersion&quot;/&gt; documentation
SHFB: Warning BE0066: ResolveReferenceLinksComponent: [M:Outpost31.Core.Session.TingenSession.Build(ScriptLinkStandard.Objects.OptionObject2015,System.String,System.String)] Unknown reference link target &#39;T:ScriptLinkStandard.Objects.OptionObject2015&#39;.
SHFB: Warning BE0066: ShowMissingComponent: [M:Outpost31.Core.Session.TingenSession.BuildStaticVars] Missing &lt;summary&gt; documentation
SHFB: Warning BE0066: ShowMissingComponent: [M:Outpost31.Core.Session.TingenSession.BuildStaticVars] Missing &lt;returns&gt; documentation
SHFB: Warning BE0066: ShowMissingComponent: [M:Outpost31.Core.Session.TingenSession.Initialize(Outpost31.Core.Session.TingenSession)] Missing &lt;param name=&quot;tnSession&quot;/&gt; documentation
SHFB: Warning BE0066: ShowMissingComponent: [P:Outpost31.Core.Session.TingenSession.NtstWebServiceSecurity] Missing &lt;summary&gt; documentation
SHFB: Warning BE0066: ShowMissingComponent: [P:Outpost31.Core.Session.TingenSession.TnBuild] Missing &lt;summary&gt; documentation
SHFB: Warning BE0066: ShowMissingComponent: [P:Outpost31.Core.Session.TingenSession.TnVersion] Missing &lt;summary&gt; documentation
SHFB: Warning BE0066: ShowMissingComponent: [M:Outpost31.Core.Session.TingenSession.WriteSessionDetails(Outpost31.Core.Session.TingenSession)] Missing &lt;summary&gt; documentation
SHFB: Warning BE0066: ShowMissingComponent: [M:Outpost31.Core.Session.TingenSession.WriteSessionDetails(Outpost31.Core.Session.TingenSession)] Missing &lt;param name=&quot;tnSession&quot;/&gt; documentation
SHFB: Warning BE0066: ShowMissingComponent: [T:Outpost31.Core.Utilities.DuFile] Missing &lt;summary&gt; documentation
SHFB: Warning BE0066: ShowMissingComponent: [M:Outpost31.Core.Utilities.DuFile.WriteLocal(System.String,System.String)] Missing &lt;summary&gt; documentation
SHFB: Warning BE0066: ShowMissingComponent: [M:Outpost31.Core.Utilities.DuFile.WriteLocal(System.String,System.String)] Missing &lt;param name=&quot;filePath&quot;/&gt; documentation
SHFB: Warning BE0066: ShowMissingComponent: [M:Outpost31.Core.Utilities.DuFile.WriteLocal(System.String,System.String)] Missing &lt;param name=&quot;fileContent&quot;/&gt; documentation
SHFB: Warning BE0066: ShowMissingComponent: [T:Outpost31.Module.Admin.Export.OptionObject] Missing &lt;summary&gt; documentation
SHFB: Warning BE0066: ShowMissingComponent: [M:Outpost31.Module.Admin.Export.OptionObject.ToLocalFile] Missing &lt;summary&gt; documentation
SHFB: Warning BE0066: ShowMissingComponent: [T:Outpost31.Module.Admin.Framework.Refresh] Missing &lt;summary&gt; documentation
SHFB: Warning BE0066: ShowMissingComponent: [M:Outpost31.Module.Admin.Service.Status.UpdateAll(Outpost31.Core.Session.TingenSession)] Missing &lt;summary&gt; documentation
SHFB: Warning BE0066: ShowMissingComponent: [M:Outpost31.Module.Admin.Service.Status.UpdateAll(Outpost31.Core.Session.TingenSession)] Missing &lt;param name=&quot;tnSession&quot;/&gt; documentation
SHFB: Warning BE0066: ShowMissingComponent: [M:Outpost31.Module.Admin.Service.Status.UpdateMode(System.String,System.String,System.String,Outpost31.Core.Logger.TraceLog)] Missing &lt;summary&gt; documentation
SHFB: Warning BE0066: ShowMissingComponent: [M:Outpost31.Module.Admin.Service.Status.UpdateMode(System.String,System.String,System.String,Outpost31.Core.Logger.TraceLog)] Missing &lt;param name=&quot;remoteRoot&quot;/&gt; documentation
SHFB: Warning BE0066: ShowMissingComponent: [M:Outpost31.Module.Admin.Service.Status.UpdateMode(System.String,System.String,System.String,Outpost31.Core.Logger.TraceLog)] Missing &lt;param name=&quot;avSystemCode&quot;/&gt; documentation
SHFB: Warning BE0066: ShowMissingComponent: [M:Outpost31.Module.Admin.Service.Status.UpdateMode(System.String,System.String,System.String,Outpost31.Core.Logger.TraceLog)] Missing &lt;param name=&quot;tnMode&quot;/&gt; documentation
SHFB: Warning BE0066: ShowMissingComponent: [M:Outpost31.Module.Admin.Service.Status.UpdateMode(System.String,System.String,System.String,Outpost31.Core.Logger.TraceLog)] Missing &lt;param name=&quot;traceInfo&quot;/&gt; documentation
SHFB: Warning BE0066: ShowMissingComponent: [M:Outpost31.Module.Admin.Service.Status.UpdateSettings(Outpost31.Core.Session.TingenSession)] Missing &lt;summary&gt; documentation
SHFB: Warning BE0066: ShowMissingComponent: [M:Outpost31.Module.Admin.Service.Status.UpdateSettings(Outpost31.Core.Session.TingenSession)] Missing &lt;param name=&quot;tnSession&quot;/&gt; documentation
SHFB: Warning BE0066: ShowMissingComponent: [M:Outpost31.Module.Common.Action.Field.CompareValue(System.String,System.String,Outpost31.Core.Logger.TraceLog)] Missing &lt;param name=&quot;traceInfo&quot;/&gt; documentation
SHFB: Warning BE0066: ShowMissingComponent: [M:Outpost31.Module.Common.Action.Field.SaveValue(System.String,System.String,Outpost31.Core.Logger.TraceLog)] Missing &lt;param name=&quot;traceInfo&quot;/&gt; documentation
SHFB: Warning BE0066: ShowMissingComponent: [T:Outpost31.Module.OpenIncident.ModuleOpenIncident] Missing &lt;summary&gt; documentation
SHFB: Warning BE0066: ShowMissingComponent: [P:Outpost31.Module.OpenIncident.ModuleOpenIncident.Blacklist] Missing &lt;summary&gt; documentation
SHFB: Warning BE0066: ShowMissingComponent: [M:Outpost31.Module.OpenIncident.ModuleOpenIncident.BuildDefaultModOpenIncident(Outpost31.Core.Logger.TraceLog)] Missing &lt;summary&gt; documentation
SHFB: Warning BE0066: ShowMissingComponent: [M:Outpost31.Module.OpenIncident.ModuleOpenIncident.BuildDefaultModOpenIncident(Outpost31.Core.Logger.TraceLog)] Missing &lt;returns&gt; documentation
SHFB: Warning BE0066: ShowMissingComponent: [M:Outpost31.Module.OpenIncident.ModuleOpenIncident.BuildDefaultModOpenIncident(Outpost31.Core.Logger.TraceLog)] Missing &lt;param name=&quot;traceInfo&quot;/&gt; documentation
SHFB: Warning BE0066: ShowMissingComponent: [P:Outpost31.Module.OpenIncident.ModuleOpenIncident.CurrentFullName] Missing &lt;summary&gt; documentation
SHFB: Warning BE0066: ShowMissingComponent: [P:Outpost31.Module.OpenIncident.ModuleOpenIncident.FormOpenErrorCode] Missing &lt;summary&gt; documentation
SHFB: Warning BE0066: ShowMissingComponent: [P:Outpost31.Module.OpenIncident.ModuleOpenIncident.FormOpenMessage] Missing &lt;summary&gt; documentation
SHFB: Warning BE0066: ShowMissingComponent: [P:Outpost31.Module.OpenIncident.ModuleOpenIncident.FormSubmitErrorCode] Missing &lt;summary&gt; documentation
SHFB: Warning BE0066: ShowMissingComponent: [P:Outpost31.Module.OpenIncident.ModuleOpenIncident.FormSubmitMessage] Missing &lt;summary&gt; documentation
SHFB: Warning BE0066: ShowMissingComponent: [M:Outpost31.Module.OpenIncident.ModuleOpenIncident.GetAuthorInformation(Outpost31.Core.Session.TingenSession)] Missing &lt;summary&gt; documentation
SHFB: Warning BE0066: ShowMissingComponent: [M:Outpost31.Module.OpenIncident.ModuleOpenIncident.GetAuthorInformation(Outpost31.Core.Session.TingenSession)] Missing &lt;param name=&quot;tnSession&quot;/&gt; documentation
SHFB: Warning BE0066: ShowMissingComponent: [M:Outpost31.Module.OpenIncident.ModuleOpenIncident.GetFullName(System.String,System.String,Outpost31.Core.Logger.TraceLog)] Missing &lt;summary&gt; documentation
SHFB: Warning BE0066: ShowMissingComponent: [M:Outpost31.Module.OpenIncident.ModuleOpenIncident.GetFullName(System.String,System.String,Outpost31.Core.Logger.TraceLog)] Missing &lt;returns&gt; documentation
SHFB: Warning BE0066: ShowMissingComponent: [M:Outpost31.Module.OpenIncident.ModuleOpenIncident.GetFullName(System.String,System.String,Outpost31.Core.Logger.TraceLog)] Missing &lt;param name=&quot;filePath&quot;/&gt; documentation
SHFB: Warning BE0066: ShowMissingComponent: [M:Outpost31.Module.OpenIncident.ModuleOpenIncident.GetFullName(System.String,System.String,Outpost31.Core.Logger.TraceLog)] Missing &lt;param name=&quot;avatarName&quot;/&gt; documentation
SHFB: Warning BE0066: ShowMissingComponent: [M:Outpost31.Module.OpenIncident.ModuleOpenIncident.GetFullName(System.String,System.String,Outpost31.Core.Logger.TraceLog)] Missing &lt;param name=&quot;traceInfo&quot;/&gt; documentation
SHFB: Warning BE0066: ShowMissingComponent: [M:Outpost31.Module.OpenIncident.ModuleOpenIncident.Load(System.String,System.String,ScriptLinkStandard.Objects.OptionObject2015,Outpost31.Core.Logger.TraceLog)] Missing &lt;summary&gt; documentation
SHFB: Warning BE0066: ShowMissingComponent: [M:Outpost31.Module.OpenIncident.ModuleOpenIncident.Load(System.String,System.String,ScriptLinkStandard.Objects.OptionObject2015,Outpost31.Core.Logger.TraceLog)] Missing &lt;returns&gt; documentation
SHFB: Warning BE0066: ShowMissingComponent: [M:Outpost31.Module.OpenIncident.ModuleOpenIncident.Load(System.String,System.String,ScriptLinkStandard.Objects.OptionObject2015,Outpost31.Core.Logger.TraceLog)] Missing &lt;param name=&quot;modConfigFilePath&quot;/&gt; documentation
SHFB: Warning BE0066: ShowMissingComponent: [M:Outpost31.Module.OpenIncident.ModuleOpenIncident.Load(System.String,System.String,ScriptLinkStandard.Objects.OptionObject2015,Outpost31.Core.Logger.TraceLog)] Missing &lt;param name=&quot;currentSessionPath&quot;/&gt; documentation
SHFB: Warning BE0066: ShowMissingComponent: [M:Outpost31.Module.OpenIncident.ModuleOpenIncident.Load(System.String,System.String,ScriptLinkStandard.Objects.OptionObject2015,Outpost31.Core.Logger.TraceLog)] Missing &lt;param name=&quot;workOptionObject&quot;/&gt; documentation
SHFB: Warning BE0066: ShowMissingComponent: [M:Outpost31.Module.OpenIncident.ModuleOpenIncident.Load(System.String,System.String,ScriptLinkStandard.Objects.OptionObject2015,Outpost31.Core.Logger.TraceLog)] Missing &lt;param name=&quot;traceInfo&quot;/&gt; documentation
SHFB: Warning BE0066: ResolveReferenceLinksComponent: [M:Outpost31.Module.OpenIncident.ModuleOpenIncident.Load(System.String,System.String,ScriptLinkStandard.Objects.OptionObject2015,Outpost31.Core.Logger.TraceLog)] Unknown reference link target &#39;T:ScriptLinkStandard.Objects.OptionObject2015&#39;.
SHFB: Warning BE0066: ShowMissingComponent: [P:Outpost31.Module.OpenIncident.ModuleOpenIncident.OriginalFullName] Missing &lt;summary&gt; documentation
SHFB: Warning BE0066: ShowMissingComponent: [P:Outpost31.Module.OpenIncident.ModuleOpenIncident.PersonCompletingIncidentFormFieldId] Missing &lt;summary&gt; documentation
SHFB: Warning BE0066: ShowMissingComponent: [P:Outpost31.Module.OpenIncident.ModuleOpenIncident.Whitelist] Missing &lt;summary&gt; documentation
SHFB: Warning BE0066: ShowMissingComponent: [M:Outpost31.Module.OpenIncident.Verify.OriginalAuthorIsOpening(Outpost31.Core.Session.TingenSession)] Missing &lt;summary&gt; documentation
SHFB: Warning BE0066: ShowMissingComponent: [M:Outpost31.Module.OpenIncident.Verify.OriginalAuthorIsOpening(Outpost31.Core.Session.TingenSession)] Missing &lt;param name=&quot;tnSession&quot;/&gt; documentation
SHFB: Warning BE0066: ShowMissingComponent: [M:Outpost31.Module.OpenIncident.Verify.OriginalAuthorIsSubmitting(Outpost31.Core.Session.TingenSession)] Missing &lt;param name=&quot;tnSession&quot;/&gt; documentation
Processed 258 topic(s)
133 warning(s)
CopyFromIndexComponent: &quot;reflection&quot; in-memory cache entries used: 3 of 15.
CopyFromIndexComponent: &quot;comments&quot; in-memory cache entries used: 1 of 30.
<plugIn name="Website Table of Contents Generator" behavior="After" priority="1000">
Generating TOC fragment files
</plugIn>    Last step completed in 00:00:03.1886
</buildStep>
<buildStep step="CopyStandardHelpContent">
Copying standard help content...
C:\Program Files (x86)\EWSoftware\Sandcastle Help File Builder\Components\Default2022\css\bulma.css -&gt; \working\Output\Website\css\bulma.css
C:\Program Files (x86)\EWSoftware\Sandcastle Help File Builder\Components\Default2022\css\bulma.css.map -&gt; \working\Output\Website\css\bulma.css.map
C:\Program Files (x86)\EWSoftware\Sandcastle Help File Builder\Components\Default2022\css\bulma.min.css -&gt; \working\Output\Website\css\bulma.min.css
C:\Program Files (x86)\EWSoftware\Sandcastle Help File Builder\Components\Default2022\css\font-awesome.css -&gt; \working\Output\Website\css\font-awesome.css
C:\Program Files (x86)\EWSoftware\Sandcastle Help File Builder\Components\Default2022\css\font-awesome.min.css -&gt; \working\Output\Website\css\font-awesome.min.css
C:\Program Files (x86)\EWSoftware\Sandcastle Help File Builder\Components\Default2022\css\ja-JP.css -&gt; \working\Output\Website\css\ja-JP.css
C:\Program Files (x86)\EWSoftware\Sandcastle Help File Builder\Components\Default2022\css\ko-KR.css -&gt; \working\Output\Website\css\ko-KR.css
C:\Program Files (x86)\EWSoftware\Sandcastle Help File Builder\Components\Default2022\css\presentationStyle.css -&gt; \working\Output\Website\css\presentationStyle.css
C:\Program Files (x86)\EWSoftware\Sandcastle Help File Builder\Components\Default2022\css\vs.min.css -&gt; \working\Output\Website\css\vs.min.css
C:\Program Files (x86)\EWSoftware\Sandcastle Help File Builder\Components\Default2022\css\zh-CN.css -&gt; \working\Output\Website\css\zh-CN.css
C:\Program Files (x86)\EWSoftware\Sandcastle Help File Builder\Components\Default2022\css\zh-TW.css -&gt; \working\Output\Website\css\zh-TW.css
C:\Program Files (x86)\EWSoftware\Sandcastle Help File Builder\Components\Default2022\icons\favicon.ico -&gt; \working\Output\Website\icons\favicon.ico
C:\Program Files (x86)\EWSoftware\Sandcastle Help File Builder\Components\Default2022\scripts\clipboard.min.js -&gt; \working\Output\Website\scripts\clipboard.min.js
C:\Program Files (x86)\EWSoftware\Sandcastle Help File Builder\Components\Default2022\scripts\highlight.min.js -&gt; \working\Output\Website\scripts\highlight.min.js
C:\Program Files (x86)\EWSoftware\Sandcastle Help File Builder\Components\Default2022\scripts\jquery-3.5.1.min.js -&gt; \working\Output\Website\scripts\jquery-3.5.1.min.js
C:\Program Files (x86)\EWSoftware\Sandcastle Help File Builder\Components\Default2022\scripts\presentationStyle.js -&gt; \working\Output\Website\scripts\presentationStyle.js
C:\Program Files (x86)\EWSoftware\Sandcastle Help File Builder\Components\Default2022\webfonts\fa-brands-400.ttf -&gt; \working\Output\Website\webfonts\fa-brands-400.ttf
C:\Program Files (x86)\EWSoftware\Sandcastle Help File Builder\Components\Default2022\webfonts\fa-brands-400.woff2 -&gt; \working\Output\Website\webfonts\fa-brands-400.woff2
C:\Program Files (x86)\EWSoftware\Sandcastle Help File Builder\Components\Default2022\webfonts\fa-regular-400.ttf -&gt; \working\Output\Website\webfonts\fa-regular-400.ttf
C:\Program Files (x86)\EWSoftware\Sandcastle Help File Builder\Components\Default2022\webfonts\fa-regular-400.woff2 -&gt; \working\Output\Website\webfonts\fa-regular-400.woff2
C:\Program Files (x86)\EWSoftware\Sandcastle Help File Builder\Components\Default2022\webfonts\fa-solid-900.ttf -&gt; \working\Output\Website\webfonts\fa-solid-900.ttf
C:\Program Files (x86)\EWSoftware\Sandcastle Help File Builder\Components\Default2022\webfonts\fa-solid-900.woff2 -&gt; \working\Output\Website\webfonts\fa-solid-900.woff2
C:\Program Files (x86)\EWSoftware\Sandcastle Help File Builder\Components\Default2022\webfonts\fa-v4compatibility.ttf -&gt; \working\Output\Website\webfonts\fa-v4compatibility.ttf
C:\Program Files (x86)\EWSoftware\Sandcastle Help File Builder\Components\Default2022\webfonts\fa-v4compatibility.woff2 -&gt; \working\Output\Website\webfonts\fa-v4compatibility.woff2
C:\Program Files (x86)\EWSoftware\Sandcastle Help File Builder\Components\Default2022\RootWebsiteContent\GeneralError.html -&gt; \working\Output\Website\GeneralError.html
C:\Program Files (x86)\EWSoftware\Sandcastle Help File Builder\Components\Default2022\RootWebsiteContent\index.html -&gt; \working\Output\Website\index.html
C:\Program Files (x86)\EWSoftware\Sandcastle Help File Builder\Components\Default2022\RootWebsiteContent\PageNotFound.html -&gt; \working\Output\Website\PageNotFound.html
C:\Program Files (x86)\EWSoftware\Sandcastle Help File Builder\Components\Default2022\RootWebsiteContent\search.html -&gt; \working\Output\Website\search.html
C:\Program Files (x86)\EWSoftware\Sandcastle Help File Builder\Components\Default2022\RootWebsiteContent\SearchHelp.aspx -&gt; \working\Output\Website\SearchHelp.aspx
C:\Program Files (x86)\EWSoftware\Sandcastle Help File Builder\Components\Default2022\RootWebsiteContent\SearchHelp.inc.php -&gt; \working\Output\Website\SearchHelp.inc.php
C:\Program Files (x86)\EWSoftware\Sandcastle Help File Builder\Components\Default2022\RootWebsiteContent\SearchHelp.php -&gt; \working\Output\Website\SearchHelp.php
C:\Program Files (x86)\EWSoftware\Sandcastle Help File Builder\Components\Default2022\RootWebsiteContent\Web.Config -&gt; \working\Output\Website\Web.Config
    Last step completed in 00:00:00.0295
</buildStep>
<buildStep step="GenerateFullTextIndex">
Generating full-text index for the website...

    Last step completed in 00:00:00.0630
</buildStep>
<buildStep step="CopyingWebsiteFiles">
Copying website files to output folder...

Copied 404 files for the website content
    Last step completed in 00:00:00.3011
</buildStep>
<buildStep step="CleanIntermediates">
Removing intermediate files...
    Last step completed in 00:00:00.0475
</buildStep>
<buildStep step="Completed">

Build completed successfully at 7/3/2024 12:07:21 PM.  Total time: 00:00:04.9715

</buildStep>
</shfbBuild>
